{"/home/lovetostrike/workspace/aurelia-media-manager/src/app.ts": {"path":"/home/lovetostrike/workspace/aurelia-media-manager/src/app.ts","statementMap":{"0":{"start":{"line":1,"column":0},"end":{"line":3,"column":0}},"1":{"start":{"line":2,"column":2},"end":{"line":2,"column":27}},"2":{"start":{"line":3,"column":0},"end":{"line":3,"column":1}},"3":{"start":{"line":1,"column":13},"end":{"line":1,"column":16}}},"fnMap":{"0":{"name":"(anonymous_0)","decl":{"start":{"line":1,"column":0},"end":{"line":null,"column":-1}},"loc":{"start":{"line":1,"column":0},"end":{"line":1,"column":-1}}}},"branchMap":{},"s":{"0":1,"1":1,"2":1,"3":1},"f":{"0":2},"b":{}}
,"/home/lovetostrike/workspace/aurelia-media-manager/src/environment.ts": {"path":"/home/lovetostrike/workspace/aurelia-media-manager/src/environment.ts","statementMap":{"0":{"start":{"line":1,"column":0},"end":{"line":3,"column":11}}},"fnMap":{},"branchMap":{},"s":{"0":0},"f":{},"b":{}}
,"/home/lovetostrike/workspace/aurelia-media-manager/src/index.ts": {"path":"/home/lovetostrike/workspace/aurelia-media-manager/src/index.ts","statementMap":{"0":{"start":{"line":3,"column":0},"end":{"line":5,"column":1}}},"fnMap":{"0":{"name":"configure","decl":{"start":{"line":3,"column":0},"end":{"line":3,"column":25}},"loc":{"start":{"line":3,"column":26},"end":{"line":5,"column":1}}}},"branchMap":{},"s":{"0":0},"f":{"0":0},"b":{}}
,"/home/lovetostrike/workspace/aurelia-media-manager/src/main.ts": {"path":"/home/lovetostrike/workspace/aurelia-media-manager/src/main.ts","statementMap":{"0":{"start":{"line":4,"column":0},"end":{"line":4,"column":40}},"1":{"start":{"line":5,"column":0},"end":{"line":5,"column":37}},"2":{"start":{"line":6,"column":0},"end":{"line":6,"column":37}},"3":{"start":{"line":9,"column":0},"end":{"line":9,"column":48}},"4":{"start":{"line":12,"column":2},"end":{"line":14,"column":33}},"5":{"start":{"line":23,"column":2},"end":{"line":25,"column":3}},"6":{"start":{"line":24,"column":4},"end":{"line":24,"column":16}},"7":{"start":{"line":27,"column":2},"end":{"line":29,"column":3}},"8":{"start":{"line":28,"column":4},"end":{"line":28,"column":43}},"9":{"start":{"line":31,"column":2},"end":{"line":31,"column":72}},"10":{"start":{"line":31,"column":29},"end":{"line":31,"column":72}},"11":{"start":{"line":11,"column":0},"end":{"line":32,"column":1}}},"fnMap":{"0":{"name":"configure","decl":{"start":{"line":11,"column":0},"end":{"line":11,"column":25}},"loc":{"start":{"line":11,"column":26},"end":{"line":32,"column":1}}},"1":{"name":"(anonymous_1)","decl":{"start":{"line":31,"column":23},"end":{"line":31,"column":28}},"loc":{"start":{"line":31,"column":23},"end":{"line":31,"column":72}}}},"branchMap":{"0":{"loc":{"start":{"line":23,"column":2},"end":{"line":25,"column":3}},"type":"if","locations":[{"start":{"line":23,"column":2},"end":{"line":25,"column":3}},{"start":{"line":23,"column":2},"end":{"line":25,"column":3}}]},"1":{"loc":{"start":{"line":27,"column":2},"end":{"line":29,"column":3}},"type":"if","locations":[{"start":{"line":27,"column":2},"end":{"line":29,"column":3}},{"start":{"line":27,"column":2},"end":{"line":29,"column":3}}]}},"s":{"0":0,"1":0,"2":0,"3":0,"4":0,"5":0,"6":0,"7":0,"8":0,"9":0,"10":0,"11":0},"f":{"0":0,"1":0},"b":{"0":[0,0],"1":[0,0]}}
}
